Arguments: 
  /usr/bin/node /home/vicdev/.yarn/bin/yarn.js add cors

PATH: 
  /home/vicdev/.yarn/bin:/home/vicdev/.config/yarn/global/node_modules/.bin:/home/vicdev/.yarn/bin:/home/vicdev/.config/yarn/global/node_modules/.bin:/home/vicdev/.local/bin:/usr/local/sbin:/usr/local/bin:/usr/sbin:/usr/bin:/sbin:/bin:/usr/games:/usr/local/games:/snap/bin:/usr/local/go/bin:/usr/lib/dart/bin

Yarn version: 
  1.22.19

Node version: 
  18.4.0

Platform: 
  linux x64

Trace: 
  Error: getaddrinfo EAI_AGAIN registry.yarnpkg.com
      at GetAddrInfoReqWrap.onlookup [as oncomplete] (node:dns:84:26)

npm manifest: 
  {
    "name": "backend",
    "version": "1.0.0",
    "description": "\"Backend for a full stack goals  app\"",
    "main": "server.js",
    "scripts": {
      "start": "node src/server.js",
      "dev": "nodemon src/server.js",
      "test": "echo \"Error: no test specified\" && exit 1",
      "client": ""
    },
    "author": "Victor Owiti",
    "license": "MIT",
    "dependencies": {
      "bcrypt": "^5.0.1",
      "colors": "^1.4.0",
      "dotenv": "^10.0.0",
      "express": "^4.17.1",
      "express-async-handler": "^1.2.0",
      "jsonwebtoken": "^8.5.1",
      "mongoose": "^6.1.8"
    },
    "devDependencies": {
      "nodemon": "^2.0.15"
    }
  }

yarn manifest: 
  No manifest

Lockfile: 
  No lockfile
